<?xml version="1.0" encoding="UTF-8"?>
<testsuite name="za.org.mmiholding.conversion.AppTest" time="0.133" tests="1" errors="0" skipped="0" failures="1">
  <properties>
[...]
</properties>
  <testcase name="testHome" classname="za.org.mmiholding.conversion.AppTest" time="0.133">
    <failure type="java.lang.AssertionError:">java.lang.AssertionError: null
	at org.junit.Assert.fail(Assert.java:86)
	at org.junit.Assert.assertTrue(Assert.java:41)
	at org.junit.Assert.assertTrue(Assert.java:52)
	at za.org.mmiholding.conversion.AppTest.testHome(AppTest.java:47)
</failure>
    <system-out><![CDATA[
  .   ____          _            __ _ _
 /\\ / ___'_ __ _ _(_)_ __  __ _ \ \ \ \
( ( )\___ | '_ | '_| | '_ \/ _` | \ \ \ \
 \\/  ___)| |_)| | | | | || (_| |  ) ) ) )
  '  |____| .__|_| |_|_| |_\__, | / / / /
 =========|_|==============|___/=/_/_/_/
 :: Spring Boot ::        (v1.5.2.RELEASE)

2017-05-09 18:32:36.003  INFO 12149 --- [           main] z.o.m.c.AppTest                          : Starting AppTest on Rajesh with PID 12149 (started by rajesh in /home/rajesh/Documents/workspace-sts-3.8.4.RELEASE/conversion)
2017-05-09 18:32:36.008  INFO 12149 --- [           main] z.o.m.c.AppTest                          : No active profile set, falling back to default profiles: default
2017-05-09 18:32:37.934  INFO 12149 --- [           main] z.o.m.c.AppTest                          : Started AppTest in 2.214 seconds (JVM running for 3.209)
2017-05-09 18:32:37.980  INFO 12149 --- [           main] o.s.b.t.m.w.SpringBootMockServletContext : Initializing Spring FrameworkServlet ''
2017-05-09 18:32:37.983  INFO 12149 --- [           main] o.s.t.w.s.TestDispatcherServlet          : FrameworkServlet '': initialization started
2017-05-09 18:32:37.996  INFO 12149 --- [           main] o.s.t.w.s.TestDispatcherServlet          : FrameworkServlet '': initialization completed in 13 ms
2017-05-09 18:32:38.071 ERROR 12149 --- [           main] z.o.m.c.AppTest                          : {"Status":"200","Response":"64.0Fahrenheit"}
]]></system-out>
  </testcase>
</testsuite>